<?xml version="1.0" encoding="UTF-8"?>
<coverage generated="1660815370651" clover="3.2.0">
  <project timestamp="1660815370652" name="All files">
    <metrics statements="19" coveredstatements="3" conditionals="4" coveredconditionals="1" methods="12" coveredmethods="2" elements="35" coveredelements="6" complexity="0" loc="19" ncloc="19" packages="1" files="1" classes="1"/>
    <file name="addRemoveTask.js" path="D:\web\Microverse\ToDo-List-using-ES6-and-Webpack\src\addRemoveTask.js">
      <metrics statements="19" coveredstatements="3" conditionals="4" coveredconditionals="1" methods="12" coveredmethods="2"/>
      <line num="3" count="1" type="cond" truecount="1" falsecount="1"/>
      <line num="9" count="2" type="stmt"/>
      <line num="10" count="2" type="stmt"/>
      <line num="14" count="0" type="stmt"/>
      <line num="15" count="0" type="stmt"/>
      <line num="16" count="0" type="stmt"/>
      <line num="18" count="0" type="stmt"/>
      <line num="22" count="0" type="stmt"/>
      <line num="23" count="0" type="cond" truecount="0" falsecount="2"/>
      <line num="24" count="0" type="stmt"/>
      <line num="26" count="0" type="stmt"/>
      <line num="28" count="0" type="stmt"/>
      <line num="32" count="0" type="stmt"/>
      <line num="33" count="0" type="stmt"/>
      <line num="34" count="0" type="stmt"/>
      <line num="38" count="0" type="stmt"/>
      <line num="39" count="0" type="stmt"/>
      <line num="40" count="0" type="stmt"/>
      <line num="42" count="0" type="stmt"/>
    </file>
  </project>
</coverage>
