TN:
SF:src\addRemoveTask.js
FN:2,(anonymous_0)
FN:8,(anonymous_1)
FN:13,(anonymous_2)
FN:14,(anonymous_3)
FN:15,(anonymous_4)
FN:21,(anonymous_5)
FN:22,(anonymous_6)
FN:31,(anonymous_7)
FN:32,(anonymous_8)
FN:37,(anonymous_9)
FN:38,(anonymous_10)
FN:39,(anonymous_11)
FNF:12
FNH:11
FNDA:1,(anonymous_0)
FNDA:5,(anonymous_1)
FNDA:1,(anonymous_2)
FNDA:2,(anonymous_3)
FNDA:0,(anonymous_4)
FNDA:1,(anonymous_5)
FNDA:1,(anonymous_6)
FNDA:2,(anonymous_7)
FNDA:2,(anonymous_8)
FNDA:1,(anonymous_9)
FNDA:3,(anonymous_10)
FNDA:2,(anonymous_11)
DA:3,1
DA:9,5
DA:10,5
DA:14,2
DA:15,1
DA:16,0
DA:18,1
DA:22,1
DA:23,1
DA:24,1
DA:26,0
DA:28,1
DA:32,2
DA:33,2
DA:34,2
DA:38,3
DA:39,1
DA:40,2
DA:42,1
LF:19
LH:17
BRDA:3,0,0,0
BRDA:3,0,1,1
BRDA:23,1,0,1
BRDA:23,1,1,0
BRF:4
BRH:2
end_of_record
